INFO	?	main	2017-02-04T23:51:03.156Z	org.javacs.Main#connectToNode	Connected to parent using socket on port 55282
INFO	?	main	2017-02-04T23:51:03.368Z	org.javacs.JavaLanguageServer#doLint	Lint [c:\Users\lars\AndroidStudioProjects\android\ndrd\olapp\src\main\java\lawa\olapp\BrygdEditFragment.java]
INFO	?	InitialIndex	2017-02-04T23:51:03.837Z	org.javacs.SymbolIndex$1#parseAll	Index C:\Users\lars\AndroidStudioProjects\android\ndrd\olapp\src\main\java\lawa\olapp\AskPasswordActivity.java
INFO	?	InitialIndex	2017-02-04T23:51:03.855Z	org.javacs.SymbolIndex$1#parseAll	Index C:\Users\lars\AndroidStudioProjects\android\ndrd\olapp\src\main\java\lawa\olapp\Brygd.java
INFO	?	InitialIndex	2017-02-04T23:51:03.872Z	org.javacs.SymbolIndex$1#parseAll	Index C:\Users\lars\AndroidStudioProjects\android\ndrd\olapp\src\main\java\lawa\olapp\BrygdEditActivity.java
INFO	?	InitialIndex	2017-02-04T23:51:03.881Z	org.javacs.SymbolIndex$1#parseAll	Index C:\Users\lars\AndroidStudioProjects\android\ndrd\olapp\src\main\java\lawa\olapp\BrygdEditFragment.java
INFO	?	InitialIndex	2017-02-04T23:51:03.898Z	org.javacs.SymbolIndex$1#parseAll	Index C:\Users\lars\AndroidStudioProjects\android\ndrd\olapp\src\main\java\lawa\olapp\BrygdFragment.java
INFO	?	InitialIndex	2017-02-04T23:51:03.939Z	org.javacs.SymbolIndex$1#parseAll	Index C:\Users\lars\AndroidStudioProjects\android\ndrd\olapp\src\main\java\lawa\olapp\BrygdGalleryNewActivity.java
INFO	?	InitialIndex	2017-02-04T23:51:03.950Z	org.javacs.SymbolIndex$1#parseAll	Index C:\Users\lars\AndroidStudioProjects\android\ndrd\olapp\src\main\java\lawa\olapp\BrygdGalleryNewFragment.java
INFO	?	InitialIndex	2017-02-04T23:51:03.975Z	org.javacs.SymbolIndex$1#parseAll	Index C:\Users\lars\AndroidStudioProjects\android\ndrd\olapp\src\main\java\lawa\olapp\BrygdLab.java
INFO	?	InitialIndex	2017-02-04T23:51:03.994Z	org.javacs.SymbolIndex$1#parseAll	Index C:\Users\lars\AndroidStudioProjects\android\ndrd\olapp\src\main\java\lawa\olapp\BrygdListActivity.java
INFO	?	InitialIndex	2017-02-04T23:51:04.001Z	org.javacs.SymbolIndex$1#parseAll	Index C:\Users\lars\AndroidStudioProjects\android\ndrd\olapp\src\main\java\lawa\olapp\BrygdListFragment.java
INFO	?	InitialIndex	2017-02-04T23:51:04.041Z	org.javacs.SymbolIndex$1#parseAll	Index C:\Users\lars\AndroidStudioProjects\android\ndrd\olapp\src\main\java\lawa\olapp\BrygdPagerActivity.java
INFO	?	InitialIndex	2017-02-04T23:51:04.051Z	org.javacs.SymbolIndex$1#parseAll	Index C:\Users\lars\AndroidStudioProjects\android\ndrd\olapp\src\main\java\lawa\olapp\ErrorReportActivity.java
INFO	?	InitialIndex	2017-02-04T23:51:04.059Z	org.javacs.SymbolIndex$1#parseAll	Index C:\Users\lars\AndroidStudioProjects\android\ndrd\olapp\src\main\java\lawa\olapp\Form.java
INFO	?	InitialIndex	2017-02-04T23:51:04.068Z	org.javacs.SymbolIndex$1#parseAll	Index C:\Users\lars\AndroidStudioProjects\android\ndrd\olapp\src\main\java\lawa\olapp\FormGallery.java
INFO	?	InitialIndex	2017-02-04T23:51:04.074Z	org.javacs.SymbolIndex$1#parseAll	Index C:\Users\lars\AndroidStudioProjects\android\ndrd\olapp\src\main\java\lawa\olapp\FormGalleryEdit.java
INFO	?	InitialIndex	2017-02-04T23:51:04.082Z	org.javacs.SymbolIndex$1#parseAll	Index C:\Users\lars\AndroidStudioProjects\android\ndrd\olapp\src\main\java\lawa\olapp\Gallery.java
INFO	?	InitialIndex	2017-02-04T23:51:04.091Z	org.javacs.SymbolIndex$1#parseAll	Index C:\Users\lars\AndroidStudioProjects\android\ndrd\olapp\src\main\java\lawa\olapp\GalleryFragment.java
INFO	?	InitialIndex	2017-02-04T23:51:04.104Z	org.javacs.SymbolIndex$1#parseAll	Index C:\Users\lars\AndroidStudioProjects\android\ndrd\olapp\src\main\java\lawa\olapp\GalleryPagerActivity.java
INFO	?	InitialIndex	2017-02-04T23:51:04.115Z	org.javacs.SymbolIndex$1#parseAll	Index C:\Users\lars\AndroidStudioProjects\android\ndrd\olapp\src\main\java\lawa\olapp\GetGson.java
INFO	?	InitialIndex	2017-02-04T23:51:04.132Z	org.javacs.SymbolIndex$1#parseAll	Index C:\Users\lars\AndroidStudioProjects\android\ndrd\olapp\src\main\java\lawa\olapp\ImageLibrary.java
INFO	?	InitialIndex	2017-02-04T23:51:04.148Z	org.javacs.SymbolIndex$1#parseAll	Index C:\Users\lars\AndroidStudioProjects\android\ndrd\olapp\src\main\java\lawa\olapp\ImgCacheParam.java
INFO	?	InitialIndex	2017-02-04T23:51:04.157Z	org.javacs.SymbolIndex$1#parseAll	Index C:\Users\lars\AndroidStudioProjects\android\ndrd\olapp\src\main\java\lawa\olapp\MultiPart.java
INFO	?	InitialIndex	2017-02-04T23:51:04.173Z	org.javacs.SymbolIndex$1#parseAll	Index C:\Users\lars\AndroidStudioProjects\android\ndrd\olapp\src\main\java\lawa\olapp\MyGridView.java
INFO	?	InitialIndex	2017-02-04T23:51:04.181Z	org.javacs.SymbolIndex$1#parseAll	Index C:\Users\lars\AndroidStudioProjects\android\ndrd\olapp\src\main\java\lawa\olapp\OlAppApplication.java
INFO	?	InitialIndex	2017-02-04T23:51:04.191Z	org.javacs.SymbolIndex$1#parseAll	Index C:\Users\lars\AndroidStudioProjects\android\ndrd\olapp\src\main\java\lawa\olapp\ScalingImageView.java
INFO	?	InitialIndex	2017-02-04T23:51:04.205Z	org.javacs.SymbolIndex$1#parseAll	Index C:\Users\lars\AndroidStudioProjects\android\ndrd\olapp\src\main\java\lawa\olapp\SingleFragmentActivity.java
INFO	?	InitialIndex	2017-02-04T23:51:04.211Z	org.javacs.SymbolIndex$1#parseAll	Index C:\Users\lars\AndroidStudioProjects\android\ndrd\olapp\src\main\java\lawa\olapp\ThumbnailDownloader.java
INFO	?	InitialIndex	2017-02-04T23:51:04.219Z	org.javacs.SymbolIndex$1#parseAll	Index C:\Users\lars\AndroidStudioProjects\android\ndrd\olapp\src\main\java\lawa\olapp\WriteToFile.java
INFO	?	main	2017-02-04T23:51:08.332Z	org.javacs.JavaLanguageServer#doLint	Lint [c:\Users\lars\AndroidStudioProjects\android\ndrd\olapp\src\main\java\lawa\olapp\BrygdFragment.java]
INFO	?	main	2017-02-04T23:51:53.349Z	org.javacs.JavaLanguageServer#doLint	Lint [c:\Users\lars\AndroidStudioProjects\android\ndrd\olapp\src\main\java\lawa\olapp\BrygdGalleryNewActivity.java]
INFO	?	main	2017-02-04T23:52:08.399Z	org.javacs.JavaLanguageServer#doLint	Lint [c:\Users\lars\AndroidStudioProjects\android\ndrd\olapp\src\main\java\lawa\olapp\BrygdListFragment.java]
INFO	?	main	2017-02-04T23:52:55.329Z	org.javacs.JavaLanguageServer#doLint	Lint [c:\Users\lars\AndroidStudioProjects\android\ndrd\olapp\src\main\java\lawa\olapp\ThumbnailDownloader.java]
INFO	?	main	2017-02-04T23:53:11.884Z	org.javacs.JavaLanguageServer#doLint	Lint [c:\Users\lars\AndroidStudioProjects\android\ndrd\olapp\src\main\java\lawa\olapp\WriteToFile.java]
INFO	?	main	2017-02-04T23:53:13.748Z	org.javacs.JavaLanguageServer#doLint	Lint [c:\Users\lars\AndroidStudioProjects\android\ndrd\olapp\src\main\java\lawa\olapp\SingleFragmentActivity.java]
INFO	?	main	2017-02-04T23:53:15.174Z	org.javacs.JavaLanguageServer#doLint	Lint [c:\Users\lars\AndroidStudioProjects\android\ndrd\olapp\src\main\java\lawa\olapp\ScalingImageView.java]
INFO	?	main	2017-02-04T23:53:17.406Z	org.javacs.JavaLanguageServer#doLint	Lint [c:\Users\lars\AndroidStudioProjects\android\ndrd\olapp\src\main\java\lawa\olapp\OlAppApplication.java]
INFO	?	main	2017-02-04T23:53:35.480Z	org.javacs.JavaLanguageServer#doLint	Lint [c:\Users\lars\AndroidStudioProjects\android\ndrd\olapp\src\main\java\lawa\olapp\MultiPart.java]
INFO	?	main	2017-02-04T23:58:53.542Z	org.javacs.JavaLanguageServer#doLint	Lint [c:\Users\lars\AndroidStudioProjects\android\ndrd\olapp\src\main\java\lawa\olapp\MultiPart.java]
INFO	?	main	2017-02-04T23:58:56.177Z	org.javacs.JavaLanguageServer#doLint	Lint [c:\Users\lars\AndroidStudioProjects\android\ndrd\olapp\src\main\java\lawa\olapp\MyGridView.java]
INFO	?	main	2017-02-04T23:58:58.702Z	org.javacs.JavaLanguageServer#doLint	Lint [c:\Users\lars\AndroidStudioProjects\android\ndrd\olapp\src\main\java\lawa\olapp\OlAppApplication.java]
INFO	?	main	2017-02-04T23:59:00.290Z	org.javacs.JavaLanguageServer#doLint	Lint [c:\Users\lars\AndroidStudioProjects\android\ndrd\olapp\src\main\java\lawa\olapp\ScalingImageView.java]
INFO	?	main	2017-02-04T23:59:02.342Z	org.javacs.JavaLanguageServer#doLint	Lint [c:\Users\lars\AndroidStudioProjects\android\ndrd\olapp\src\main\java\lawa\olapp\SingleFragmentActivity.java]
INFO	?	main	2017-02-04T23:59:04.093Z	org.javacs.JavaLanguageServer#doLint	Lint [c:\Users\lars\AndroidStudioProjects\android\ndrd\olapp\src\main\java\lawa\olapp\ThumbnailDownloader.java]
INFO	?	main	2017-02-04T23:59:05.553Z	org.javacs.JavaLanguageServer#doLint	Lint [c:\Users\lars\AndroidStudioProjects\android\ndrd\olapp\src\main\java\lawa\olapp\WriteToFile.java]
INFO	?	main	2017-02-04T23:59:07.397Z	org.javacs.JavaLanguageServer#doLint	Lint [c:\Users\lars\AndroidStudioProjects\android\ndrd\olapp\src\main\java\lawa\olapp\MultiPart.java]
INFO	?	main	2017-02-04T23:59:08.978Z	org.javacs.JavaLanguageServer#doLint	Lint [c:\Users\lars\AndroidStudioProjects\android\ndrd\olapp\src\main\java\lawa\olapp\ImgCacheParam.java]
INFO	?	main	2017-02-04T23:59:10.786Z	org.javacs.JavaLanguageServer#doLint	Lint [c:\Users\lars\AndroidStudioProjects\android\ndrd\olapp\src\main\java\lawa\olapp\ImageLibrary.java]
INFO	?	main	2017-02-04T23:59:12.427Z	org.javacs.JavaLanguageServer#doLint	Lint [c:\Users\lars\AndroidStudioProjects\android\ndrd\olapp\src\main\java\lawa\olapp\GetGson.java]
INFO	?	main	2017-02-05T00:05:22.688Z	org.javacs.JavaLanguageServer#doLint	Lint [c:\Users\lars\AndroidStudioProjects\android\ndrd\olapp\src\main\java\lawa\olapp\Gallery.java]
INFO	?	main	2017-02-05T00:05:24.166Z	org.javacs.JavaLanguageServer#doLint	Lint [c:\Users\lars\AndroidStudioProjects\android\ndrd\olapp\src\main\java\lawa\olapp\GalleryFragment.java]
